[debug] [2023-08-29T19:18:10.544Z] ----------------------------------------------------------------------
[debug] [2023-08-29T19:18:10.547Z] Command:       C:\Program Files\nodejs\node.exe C:\Users\chirag\AppData\Roaming\npm\node_modules\firebase-tools\lib\bin\firebase.js login
[debug] [2023-08-29T19:18:10.547Z] CLI Version:   12.5.2
[debug] [2023-08-29T19:18:10.548Z] Platform:      win32
[debug] [2023-08-29T19:18:10.548Z] Node Version:  v18.17.1
[debug] [2023-08-29T19:18:10.549Z] Time:          Wed Aug 30 2023 00:48:10 GMT+0530 (India Standard Time)
[debug] [2023-08-29T19:18:10.549Z] ----------------------------------------------------------------------
[debug] 
[info] i  Firebase optionally collects CLI and Emulator Suite usage and error reporting information to help improve our products. Data is collected in accordance with Google's privacy policy (https://policies.google.com/privacy) and is not used to identify you.
 
[info] i  To change your data collection preference at any time, run `firebase logout` and log in again. 
[info] 
[info] Visit this URL on this device to log in:
[info] https://accounts.google.com/o/oauth2/auth?client_id=563584335869-fgrhgmd47bqnekij5i8b5pr03ho849e6.apps.googleusercontent.com&scope=email%20openid%20https%3A%2F%2Fwww.googleapis.com%2Fauth%2Fcloudplatformprojects.readonly%20https%3A%2F%2Fwww.googleapis.com%2Fauth%2Ffirebase%20https%3A%2F%2Fwww.googleapis.com%2Fauth%2Fcloud-platform&response_type=code&state=1035263&redirect_uri=http%3A%2F%2Flocalhost%3A9005
[info] 
[info] Waiting for authentication...
[debug] [2023-08-29T19:18:15.886Z] Error: spawn cmd ENOENT
    at ChildProcess._handle.onexit (node:internal/child_process:283:19)
    at onErrorNT (node:internal/child_process:476:16)
    at process.processTicksAndRejections (node:internal/process/task_queues:82:21)
[error] 
[error] Error: An unexpected error has occurred.
[debug] [2023-08-29T19:18:46.339Z] ----------------------------------------------------------------------
[debug] [2023-08-29T19:18:46.342Z] Command:       C:\Program Files\nodejs\node.exe C:\Users\chirag\AppData\Roaming\npm\node_modules\firebase-tools\lib\bin\firebase.js login
[debug] [2023-08-29T19:18:46.343Z] CLI Version:   12.5.2
[debug] [2023-08-29T19:18:46.343Z] Platform:      win32
[debug] [2023-08-29T19:18:46.343Z] Node Version:  v18.17.1
[debug] [2023-08-29T19:18:46.344Z] Time:          Wed Aug 30 2023 00:48:46 GMT+0530 (India Standard Time)
[debug] [2023-08-29T19:18:46.345Z] ----------------------------------------------------------------------
[debug] 
[info] i  Firebase optionally collects CLI and Emulator Suite usage and error reporting information to help improve our products. Data is collected in accordance with Google's privacy policy (https://policies.google.com/privacy) and is not used to identify you.
 
[info] i  To change your data collection preference at any time, run `firebase logout` and log in again. 
[info] 
[info] Visit this URL on this device to log in:
[info] https://accounts.google.com/o/oauth2/auth?client_id=563584335869-fgrhgmd47bqnekij5i8b5pr03ho849e6.apps.googleusercontent.com&scope=email%20openid%20https%3A%2F%2Fwww.googleapis.com%2Fauth%2Fcloudplatformprojects.readonly%20https%3A%2F%2Fwww.googleapis.com%2Fauth%2Ffirebase%20https%3A%2F%2Fwww.googleapis.com%2Fauth%2Fcloud-platform&response_type=code&state=445635470&redirect_uri=http%3A%2F%2Flocalhost%3A9005
[info] 
[info] Waiting for authentication...
[debug] [2023-08-29T19:18:48.472Z] Error: spawn cmd ENOENT
    at ChildProcess._handle.onexit (node:internal/child_process:283:19)
    at onErrorNT (node:internal/child_process:476:16)
    at process.processTicksAndRejections (node:internal/process/task_queues:82:21)
[error] 
[error] Error: An unexpected error has occurred.
